2019-04-01 22:46:26,783 [main] INFO  org.mule.module.launcher.application.DefaultMuleApplication - 
++++++++++++++++++++++++++++++++++++++++++++++++++++++++++++
+ Initializing app 'maven-dem0'                            +
++++++++++++++++++++++++++++++++++++++++++++++++++++++++++++
2019-04-01 22:46:27,022 [main] INFO  org.mule.lifecycle.AbstractLifecycleManager - Initialising RegistryBroker
2019-04-01 22:46:27,172 [main] INFO  org.mule.module.extension.internal.manager.DefaultExtensionManager - Starting discovery of extensions
2019-04-01 22:46:27,538 [main] INFO  org.mule.module.extension.internal.manager.DefaultExtensionManager - Discovered 1 extensions
2019-04-01 22:46:27,538 [main] INFO  org.mule.module.extension.internal.manager.DefaultExtensionManager - Registering extension validation (version 3.9)
2019-04-01 22:46:27,645 [main] INFO  org.mule.config.spring.MuleArtifactContext - Refreshing org.mule.config.spring.MuleArtifactContext@6e57e95e: startup date [Mon Apr 01 22:46:27 IST 2019]; root of context hierarchy
2019-04-01 22:46:29,007 [main] INFO  org.mule.config.spring.processors.NoDevkitInjectorProcessor - JSR-330 'javax.inject.Inject' annotation found and supported for autowiring
2019-04-01 22:46:29,919 [main] WARN  org.mule.module.ognl.expression.OgnlExpressionEvaluator - OGNL module is deprecated and will be removed in Mule 4.0. Use MEL expressions instead.
2019-04-01 22:46:30,212 [main] INFO  org.mule.util.journal.TransactionJournal - Using files for tx logs C:\Users\ammati mouli\AnypointStudio\workspace\equus\.mule\.\.mule\maven-dem0\queue-tx-log\tx1.log and C:\Users\ammati mouli\AnypointStudio\workspace\equus\.mule\.\.mule\maven-dem0\queue-tx-log\tx2.log
2019-04-01 22:46:30,229 [main] INFO  org.mule.util.journal.TransactionJournal - Using files for tx logs C:\Users\ammati mouli\AnypointStudio\workspace\equus\.mule\.\.mule\maven-dem0\queue-xa-tx-log\tx1.log and C:\Users\ammati mouli\AnypointStudio\workspace\equus\.mule\.\.mule\maven-dem0\queue-xa-tx-log\tx2.log
2019-04-01 22:46:30,344 [main] INFO  org.mule.lifecycle.AbstractLifecycleManager - Initialising model: _muleSystemModel
2019-04-01 22:46:30,348 [main] INFO  org.mule.construct.FlowConstructLifecycleManager - Initialising flow: maven-dem0Flow
2019-04-01 22:46:30,384 [main] INFO  org.mule.exception.DefaultMessagingExceptionStrategy - Initialising exception listener: org.mule.exception.DefaultMessagingExceptionStrategy@6680f714
2019-04-01 22:46:30,432 [main] INFO  org.mule.processor.SedaStageLifecycleManager - Initialising service: maven-dem0Flow.stage1
2019-04-01 22:46:30,763 [main] INFO  org.mule.config.spring.SpringXmlConfigurationBuilder - Configured Mule using "org.mule.config.spring.SpringXmlConfigurationBuilder" with configuration resource(s): "[ConfigResource{resourceName='C:\Users\ammati mouli\AnypointStudio\workspace\equus\.mule\apps\maven-dem0\maven-dem0.xml'}]"
2019-04-01 22:46:30,763 [main] INFO  org.mule.config.builders.AutoConfigurationBuilder - Configured Mule using "org.mule.config.builders.AutoConfigurationBuilder" with configuration resource(s): "[ConfigResource{resourceName='C:\Users\ammati mouli\AnypointStudio\workspace\equus\.mule\apps\maven-dem0\maven-dem0.xml'}]"
2019-04-01 22:46:30,767 [main] INFO  com.mulesoft.module.policies.lifecyle.GateKeeper - GateKeeper Mode: DISABLED
2019-04-01 22:46:30,768 [main] INFO  org.mule.module.launcher.application.DefaultMuleApplication - 
++++++++++++++++++++++++++++++++++++++++++++++++++++++++++++
+ Starting app 'maven-dem0'                                +
++++++++++++++++++++++++++++++++++++++++++++++++++++++++++++
2019-04-01 22:46:30,769 [main] INFO  org.mule.util.queue.QueueXaResourceManager - Starting ResourceManager
2019-04-01 22:46:30,769 [main] INFO  org.mule.util.queue.QueueXaResourceManager - Started ResourceManager
2019-04-01 22:46:30,809 [main] INFO  org.mule.module.http.internal.listener.DefaultHttpListenerConfig - Listening for requests on http://0.0.0.0:8081
2019-04-01 22:46:30,811 [main] INFO  org.mule.modules.oauth2.provider.agents.DefaultSplashScreenAgent - 
++++++++++++++++++++++++++++++++++++++++++++++++++++++++++++++++++++++++++++++++
+ DevKit Extensions (0) used in this application 
                             +
++++++++++++++++++++++++++++++++++++++++++++++++++++++++++++++++++++++++++++++++
2019-04-01 22:46:30,813 [main] INFO  org.mule.lifecycle.AbstractLifecycleManager - Starting model: _muleSystemModel
2019-04-01 22:46:30,815 [main] INFO  org.mule.construct.FlowConstructLifecycleManager - Starting flow: maven-dem0Flow
2019-04-01 22:46:30,816 [main] INFO  org.mule.processor.SedaStageLifecycleManager - Starting service: maven-dem0Flow.stage1
2019-04-01 22:46:30,862 [main] INFO  org.mule.module.management.agent.WrapperManagerAgent - This JVM hasn't been launched by the wrapper, the agent will not run.
2019-04-01 22:46:30,893 [main] INFO  org.mule.DefaultMuleContext - 
**********************************************************************
* Application: maven-dem0                                            *
* OS encoding: \, Mule encoding: UTF-8                               *
*                                                                    *
* Agents Running:                                                    *
*   Batch module default engine                                      *
*   DevKit Extension Information                                     *
*   JMX Agent                                                        *
*   Wrapper Manager                                                  *
**********************************************************************
