2019-04-05 22:26:38,973 [main] INFO  org.mule.module.launcher.application.DefaultMuleApplication - 
++++++++++++++++++++++++++++++++++++++++++++++++++++++++++++
+ Initializing app 'maven-demo'                            +
++++++++++++++++++++++++++++++++++++++++++++++++++++++++++++
2019-04-05 22:26:39,239 [main] INFO  org.mule.lifecycle.AbstractLifecycleManager - Initialising RegistryBroker
2019-04-05 22:26:39,395 [main] INFO  org.mule.module.extension.internal.manager.DefaultExtensionManager - Starting discovery of extensions
2019-04-05 22:26:39,705 [main] INFO  org.mule.module.extension.internal.manager.DefaultExtensionManager - Discovered 1 extensions
2019-04-05 22:26:39,705 [main] INFO  org.mule.module.extension.internal.manager.DefaultExtensionManager - Registering extension validation (version 3.9)
2019-04-05 22:26:39,763 [main] INFO  org.mule.config.spring.MuleArtifactContext - Refreshing org.mule.config.spring.MuleArtifactContext@56db847e: startup date [Fri Apr 05 22:26:39 IST 2019]; root of context hierarchy
2019-04-05 22:26:41,167 [main] INFO  org.mule.config.spring.processors.NoDevkitInjectorProcessor - JSR-330 'javax.inject.Inject' annotation found and supported for autowiring
2019-04-05 22:26:42,181 [main] WARN  org.mule.module.ognl.expression.OgnlExpressionEvaluator - OGNL module is deprecated and will be removed in Mule 4.0. Use MEL expressions instead.
2019-04-05 22:26:42,485 [main] INFO  org.mule.util.journal.TransactionJournal - Using files for tx logs C:\Users\ammati mouli\AnypointStudio\workspace\equus\.mule\.\.mule\maven-demo\queue-tx-log\tx1.log and C:\Users\ammati mouli\AnypointStudio\workspace\equus\.mule\.\.mule\maven-demo\queue-tx-log\tx2.log
2019-04-05 22:26:42,497 [main] INFO  org.mule.util.journal.TransactionJournal - Using files for tx logs C:\Users\ammati mouli\AnypointStudio\workspace\equus\.mule\.\.mule\maven-demo\queue-xa-tx-log\tx1.log and C:\Users\ammati mouli\AnypointStudio\workspace\equus\.mule\.\.mule\maven-demo\queue-xa-tx-log\tx2.log
2019-04-05 22:26:42,595 [main] INFO  org.mule.lifecycle.AbstractLifecycleManager - Initialising model: _muleSystemModel
2019-04-05 22:26:42,600 [main] INFO  org.mule.construct.FlowConstructLifecycleManager - Initialising flow: maven-demoFlow
2019-04-05 22:26:42,600 [main] INFO  org.mule.exception.DefaultMessagingExceptionStrategy - Initialising exception listener: org.mule.exception.DefaultMessagingExceptionStrategy@7d97e06c
2019-04-05 22:26:42,642 [main] INFO  org.mule.processor.SedaStageLifecycleManager - Initialising service: maven-demoFlow.stage1
2019-04-05 22:26:42,989 [main] INFO  org.mule.config.spring.SpringXmlConfigurationBuilder - Configured Mule using "org.mule.config.spring.SpringXmlConfigurationBuilder" with configuration resource(s): "[ConfigResource{resourceName='C:\Users\ammati mouli\AnypointStudio\workspace\equus\.mule\apps\maven-demo\maven-demo.xml'}]"
2019-04-05 22:26:42,989 [main] INFO  org.mule.config.builders.AutoConfigurationBuilder - Configured Mule using "org.mule.config.builders.AutoConfigurationBuilder" with configuration resource(s): "[ConfigResource{resourceName='C:\Users\ammati mouli\AnypointStudio\workspace\equus\.mule\apps\maven-demo\maven-demo.xml'}]"
2019-04-05 22:26:42,995 [main] INFO  com.mulesoft.module.policies.lifecyle.GateKeeper - GateKeeper Mode: DISABLED
2019-04-05 22:26:42,995 [main] INFO  org.mule.module.launcher.application.DefaultMuleApplication - 
++++++++++++++++++++++++++++++++++++++++++++++++++++++++++++
+ Starting app 'maven-demo'                                +
++++++++++++++++++++++++++++++++++++++++++++++++++++++++++++
2019-04-05 22:26:42,997 [main] INFO  org.mule.util.queue.QueueXaResourceManager - Starting ResourceManager
2019-04-05 22:26:42,997 [main] INFO  org.mule.util.queue.QueueXaResourceManager - Started ResourceManager
2019-04-05 22:26:43,038 [main] INFO  org.mule.module.http.internal.listener.DefaultHttpListenerConfig - Listening for requests on http://0.0.0.0:8081
2019-04-05 22:26:43,040 [main] INFO  org.mule.modules.oauth2.provider.agents.DefaultSplashScreenAgent - 
++++++++++++++++++++++++++++++++++++++++++++++++++++++++++++++++++++++++++++++++
+ DevKit Extensions (0) used in this application 
                             +
++++++++++++++++++++++++++++++++++++++++++++++++++++++++++++++++++++++++++++++++
2019-04-05 22:26:43,044 [main] INFO  org.mule.lifecycle.AbstractLifecycleManager - Starting model: _muleSystemModel
2019-04-05 22:26:43,046 [main] INFO  org.mule.construct.FlowConstructLifecycleManager - Starting flow: maven-demoFlow
2019-04-05 22:26:43,046 [main] INFO  org.mule.processor.SedaStageLifecycleManager - Starting service: maven-demoFlow.stage1
2019-04-05 22:26:43,091 [main] INFO  org.mule.module.management.agent.WrapperManagerAgent - This JVM hasn't been launched by the wrapper, the agent will not run.
2019-04-05 22:26:43,143 [main] INFO  org.mule.DefaultMuleContext - 
**********************************************************************
* Application: maven-demo                                            *
* OS encoding: \, Mule encoding: UTF-8                               *
*                                                                    *
* Agents Running:                                                    *
*   Batch module default engine                                      *
*   DevKit Extension Information                                     *
*   JMX Agent                                                        *
*   Wrapper Manager                                                  *
**********************************************************************
