2019-04-24 07:18:41,446 [main] INFO  org.mule.module.launcher.application.DefaultMuleApplication - 
++++++++++++++++++++++++++++++++++++++++++++++++++++++++++++
+ Initializing app 'mule-requester'                        +
++++++++++++++++++++++++++++++++++++++++++++++++++++++++++++
2019-04-24 07:18:41,690 [main] INFO  org.mule.lifecycle.AbstractLifecycleManager - Initialising RegistryBroker
2019-04-24 07:18:41,845 [main] INFO  org.mule.module.extension.internal.manager.DefaultExtensionManager - Starting discovery of extensions
2019-04-24 07:18:42,149 [main] INFO  org.mule.module.extension.internal.manager.DefaultExtensionManager - Discovered 1 extensions
2019-04-24 07:18:42,149 [main] INFO  org.mule.module.extension.internal.manager.DefaultExtensionManager - Registering extension validation (version 3.9)
2019-04-24 07:18:42,213 [main] INFO  org.mule.config.spring.MuleArtifactContext - Refreshing org.mule.config.spring.MuleArtifactContext@7555b920: startup date [Wed Apr 24 07:18:42 IST 2019]; root of context hierarchy
2019-04-24 07:18:44,086 [main] INFO  org.mule.config.spring.processors.NoDevkitInjectorProcessor - JSR-330 'javax.inject.Inject' annotation found and supported for autowiring
2019-04-24 07:18:45,089 [main] WARN  org.mule.module.ognl.expression.OgnlExpressionEvaluator - OGNL module is deprecated and will be removed in Mule 4.0. Use MEL expressions instead.
2019-04-24 07:18:45,404 [main] INFO  org.mule.util.journal.TransactionJournal - Using files for tx logs C:\Users\ammati mouli\AnypointStudio\workspace\equus\.mule\.\.mule\mule-requester\queue-tx-log\tx1.log and C:\Users\ammati mouli\AnypointStudio\workspace\equus\.mule\.\.mule\mule-requester\queue-tx-log\tx2.log
2019-04-24 07:18:45,420 [main] INFO  org.mule.util.journal.TransactionJournal - Using files for tx logs C:\Users\ammati mouli\AnypointStudio\workspace\equus\.mule\.\.mule\mule-requester\queue-xa-tx-log\tx1.log and C:\Users\ammati mouli\AnypointStudio\workspace\equus\.mule\.\.mule\mule-requester\queue-xa-tx-log\tx2.log
2019-04-24 07:18:45,424 [main] INFO  org.mule.lifecycle.AbstractLifecycleManager - Initialising connector: Active_MQ
2019-04-24 07:18:45,704 [main] INFO  org.mule.lifecycle.AbstractLifecycleManager - Initialising model: _muleSystemModel
2019-04-24 07:18:45,704 [main] INFO  org.mule.construct.FlowConstructLifecycleManager - Initialising flow: mule-requesterFlow
2019-04-24 07:18:45,704 [main] INFO  org.mule.exception.DefaultMessagingExceptionStrategy - Initialising exception listener: org.mule.exception.DefaultMessagingExceptionStrategy@781711b7
2019-04-24 07:18:45,736 [main] INFO  org.mule.processor.SedaStageLifecycleManager - Initialising service: mule-requesterFlow.stage1
2019-04-24 07:18:45,956 [main] INFO  org.mule.config.spring.SpringXmlConfigurationBuilder - Configured Mule using "org.mule.config.spring.SpringXmlConfigurationBuilder" with configuration resource(s): "[ConfigResource{resourceName='C:\Users\ammati mouli\AnypointStudio\workspace\equus\.mule\apps\mule-requester\mule-requester.xml'}]"
2019-04-24 07:18:45,956 [main] INFO  org.mule.config.builders.AutoConfigurationBuilder - Configured Mule using "org.mule.config.builders.AutoConfigurationBuilder" with configuration resource(s): "[ConfigResource{resourceName='C:\Users\ammati mouli\AnypointStudio\workspace\equus\.mule\apps\mule-requester\mule-requester.xml'}]"
2019-04-24 07:18:45,960 [main] INFO  com.mulesoft.module.policies.lifecyle.GateKeeper - GateKeeper Mode: DISABLED
2019-04-24 07:18:45,960 [main] INFO  org.mule.module.launcher.application.DefaultMuleApplication - 
++++++++++++++++++++++++++++++++++++++++++++++++++++++++++++
+ Starting app 'mule-requester'                            +
++++++++++++++++++++++++++++++++++++++++++++++++++++++++++++
2019-04-24 07:18:45,960 [main] INFO  org.mule.util.queue.QueueXaResourceManager - Starting ResourceManager
2019-04-24 07:18:45,960 [main] INFO  org.mule.util.queue.QueueXaResourceManager - Started ResourceManager
2019-04-24 07:18:46,000 [main] INFO  org.mule.module.http.internal.listener.DefaultHttpListenerConfig - Listening for requests on http://0.0.0.0:8081
2019-04-24 07:18:46,423 [main] INFO  org.mule.transport.jms.activemq.ActiveMQJmsConnector - Connected: ActiveMQJmsConnector
{
  name=Active_MQ
  lifecycle=initialise
  this=40247d48
  numberOfConcurrentTransactedReceivers=4
  createMultipleTransactedReceivers=true
  connected=true
  supportedProtocols=[jms]
  serviceOverrides=<none>
}

2019-04-24 07:18:46,423 [main] INFO  org.mule.transport.jms.activemq.ActiveMQJmsConnector - Starting: ActiveMQJmsConnector
{
  name=Active_MQ
  lifecycle=initialise
  this=40247d48
  numberOfConcurrentTransactedReceivers=4
  createMultipleTransactedReceivers=true
  connected=true
  supportedProtocols=[jms]
  serviceOverrides=<none>
}

2019-04-24 07:18:46,426 [main] INFO  org.mule.lifecycle.AbstractLifecycleManager - Starting connector: Active_MQ
2019-04-24 07:18:46,428 [main] INFO  org.mule.modules.oauth2.provider.agents.DefaultSplashScreenAgent - 
++++++++++++++++++++++++++++++++++++++++++++++++++++++++++++++++++++++++++++++++
+ DevKit Extensions (0) used in this application 
                             +
++++++++++++++++++++++++++++++++++++++++++++++++++++++++++++++++++++++++++++++++
2019-04-24 07:18:46,432 [main] INFO  org.mule.lifecycle.AbstractLifecycleManager - Starting model: _muleSystemModel
2019-04-24 07:18:46,432 [main] INFO  org.mule.construct.FlowConstructLifecycleManager - Starting flow: mule-requesterFlow
2019-04-24 07:18:46,432 [main] INFO  org.mule.processor.SedaStageLifecycleManager - Starting service: mule-requesterFlow.stage1
2019-04-24 07:18:46,464 [main] INFO  org.mule.module.management.agent.WrapperManagerAgent - This JVM hasn't been launched by the wrapper, the agent will not run.
2019-04-24 07:18:46,484 [main] INFO  org.mule.module.management.agent.AbstractJmxAgent - Registered Connector Service with name Mule.mule-requester:type=Connector,name="Active_MQ"
2019-04-24 07:18:46,484 [main] INFO  org.mule.DefaultMuleContext - 
**********************************************************************
* Application: mule-requester                                        *
* OS encoding: \, Mule encoding: UTF-8                               *
*                                                                    *
* Agents Running:                                                    *
*   Batch module default engine                                      *
*   DevKit Extension Information                                     *
*   JMX Agent                                                        *
*   Wrapper Manager                                                  *
**********************************************************************
2019-04-24 07:19:44,666 [[mule-requester].HTTP_Listener_Configuration.worker.01] INFO  org.mule.transport.service.DefaultTransportServiceDescriptor - Loading default outbound transformer: org.mule.transport.jms.transformers.ObjectToJMSMessage
2019-04-24 07:19:44,667 [[mule-requester].HTTP_Listener_Configuration.worker.01] INFO  org.mule.transport.service.DefaultTransportServiceDescriptor - Loading default response transformer: org.mule.transport.jms.transformers.ObjectToJMSMessage
2019-04-24 07:19:44,667 [[mule-requester].HTTP_Listener_Configuration.worker.01] WARN  com.mulesoft.mule.transport.jms.EeJmsMessageDispatcher - Starting patched JmsMessageReceiver
2019-04-24 07:19:44,668 [[mule-requester].HTTP_Listener_Configuration.worker.01] INFO  org.mule.lifecycle.AbstractLifecycleManager - Initialising: 'Active_MQ.dispatcher.2059154358'. Object is: EeJmsMessageDispatcher
2019-04-24 07:19:44,669 [[mule-requester].HTTP_Listener_Configuration.worker.01] INFO  org.mule.lifecycle.AbstractLifecycleManager - Starting: 'Active_MQ.dispatcher.2059154358'. Object is: EeJmsMessageDispatcher
2019-04-24 07:20:34,825 [[mule-requester].HTTP_Listener_Configuration.worker.01] INFO  org.mule.module.http.internal.listener.HttpListenerRegistry - No listener found for request: (GET)/
2019-04-24 07:20:34,825 [[mule-requester].HTTP_Listener_Configuration.worker.01] INFO  org.mule.module.http.internal.listener.HttpListenerRegistry - Available listeners are: [([post])/path/]
2019-04-24 07:20:35,316 [[mule-requester].HTTP_Listener_Configuration.worker.01] INFO  org.mule.module.http.internal.listener.HttpListenerRegistry - No listener found for request: (GET)/favicon.ico
2019-04-24 07:20:35,316 [[mule-requester].HTTP_Listener_Configuration.worker.01] INFO  org.mule.module.http.internal.listener.HttpListenerRegistry - Available listeners are: [([post])/path/]
2019-04-24 07:21:41,790 [Mule.app.deployer.monitor.1.thread.1] INFO  org.mule.module.launcher.application.DefaultMuleApplication - 
++++++++++++++++++++++++++++++++++++++++++++++++++++++++++++
+ Stopping app 'mule-requester'                            +
++++++++++++++++++++++++++++++++++++++++++++++++++++++++++++
2019-04-24 07:21:41,796 [Mule.app.deployer.monitor.1.thread.1] INFO  org.mule.construct.FlowConstructLifecycleManager - Stopping flow: mule-requesterFlow
2019-04-24 07:21:41,796 [Mule.app.deployer.monitor.1.thread.1] INFO  org.mule.processor.SedaStageLifecycleManager - Stopping service: mule-requesterFlow.stage1
2019-04-24 07:21:41,874 [Mule.app.deployer.monitor.1.thread.1] INFO  org.mule.lifecycle.AbstractLifecycleManager - Stopping model: _muleSystemModel
2019-04-24 07:21:41,890 [Mule.app.deployer.monitor.1.thread.1] INFO  org.mule.lifecycle.AbstractLifecycleManager - Stopping connector: Active_MQ
2019-04-24 07:21:41,905 [Mule.app.deployer.monitor.1.thread.1] INFO  org.mule.lifecycle.AbstractLifecycleManager - Stopping: 'Active_MQ.dispatcher.2059154358'. Object is: EeJmsMessageDispatcher
2019-04-24 07:21:41,905 [Mule.app.deployer.monitor.1.thread.1] INFO  org.mule.lifecycle.AbstractLifecycleManager - Disposing: 'Active_MQ.dispatcher.2059154358'. Object is: EeJmsMessageDispatcher
2019-04-24 07:21:41,905 [Mule.app.deployer.monitor.1.thread.1] INFO  org.mule.module.http.internal.listener.DefaultHttpListenerConfig - Stopped listener on http://0.0.0.0:8081
2019-04-24 07:21:41,905 [Mule.app.deployer.monitor.1.thread.1] INFO  org.mule.util.queue.QueueXaResourceManager - Stopping ResourceManager
2019-04-24 07:21:41,905 [Mule.app.deployer.monitor.1.thread.1] INFO  org.mule.util.queue.QueueXaResourceManager - Stopped ResourceManager
2019-04-24 07:21:41,905 [Mule.app.deployer.monitor.1.thread.1] INFO  org.mule.module.launcher.application.DefaultMuleApplication - 
++++++++++++++++++++++++++++++++++++++++++++++++++++++++++++
+ Disposing app 'mule-requester'                           +
++++++++++++++++++++++++++++++++++++++++++++++++++++++++++++
2019-04-24 07:21:41,905 [Mule.app.deployer.monitor.1.thread.1] INFO  org.mule.lifecycle.AbstractLifecycleManager - Disposing RegistryBroker
2019-04-24 07:21:41,905 [Mule.app.deployer.monitor.1.thread.1] INFO  org.mule.construct.FlowConstructLifecycleManager - Disposing flow: mule-requesterFlow
2019-04-24 07:21:41,905 [Mule.app.deployer.monitor.1.thread.1] INFO  org.mule.processor.SedaStageLifecycleManager - Disposing service: mule-requesterFlow.stage1
2019-04-24 07:21:41,921 [Mule.app.deployer.monitor.1.thread.1] INFO  org.mule.lifecycle.AbstractLifecycleManager - Disposing model: _muleSystemModel
2019-04-24 07:21:41,936 [Mule.app.deployer.monitor.1.thread.1] INFO  org.mule.transport.jms.activemq.ActiveMQJmsConnector - Disconnected: ActiveMQJmsConnector
{
  name=Active_MQ
  lifecycle=stop
  this=40247d48
  numberOfConcurrentTransactedReceivers=4
  createMultipleTransactedReceivers=true
  connected=true
  supportedProtocols=[jms]
  serviceOverrides=<none>
}

2019-04-24 07:21:41,936 [Mule.app.deployer.monitor.1.thread.1] INFO  org.mule.lifecycle.AbstractLifecycleManager - Disposing connector: Active_MQ
2019-04-24 07:21:42,030 [Mule.app.deployer.monitor.1.thread.1] INFO  org.mule.config.spring.MuleArtifactContext - Closing org.mule.config.spring.MuleArtifactContext@7555b920: startup date [Wed Apr 24 07:18:42 IST 2019]; root of context hierarchy
2019-04-24 07:21:42,046 [Mule.app.deployer.monitor.1.thread.1] INFO  org.mule.DefaultMuleContext - 
**********************************************************************
* Application "mule-requester" shut down normally on: 4/24/19 7:21   *
* AM                                                                 *
* Up for: 0 days, 0 hours, 2 mins, 56.70 sec                         *
**********************************************************************
2019-04-24 07:21:42,124 [Mule.app.deployer.monitor.1.thread.1] INFO  org.mule.module.launcher.application.DefaultMuleApplication - 
++++++++++++++++++++++++++++++++++++++++++++++++++++++++++++
+ Initializing app 'mule-requester'                        +
++++++++++++++++++++++++++++++++++++++++++++++++++++++++++++
2019-04-24 07:21:42,139 [Mule.app.deployer.monitor.1.thread.1] INFO  org.mule.lifecycle.AbstractLifecycleManager - Initialising RegistryBroker
2019-04-24 07:21:42,139 [Mule.app.deployer.monitor.1.thread.1] INFO  org.mule.module.extension.internal.manager.DefaultExtensionManager - Starting discovery of extensions
2019-04-24 07:21:42,342 [Mule.app.deployer.monitor.1.thread.1] INFO  org.mule.module.extension.internal.manager.DefaultExtensionManager - Discovered 1 extensions
2019-04-24 07:21:42,342 [Mule.app.deployer.monitor.1.thread.1] INFO  org.mule.module.extension.internal.manager.DefaultExtensionManager - Registering extension validation (version 3.9)
2019-04-24 07:21:42,421 [Mule.app.deployer.monitor.1.thread.1] INFO  org.mule.config.spring.MuleArtifactContext - Refreshing org.mule.config.spring.MuleArtifactContext@206007cb: startup date [Wed Apr 24 07:21:42 IST 2019]; root of context hierarchy
2019-04-24 07:21:42,811 [Mule.app.deployer.monitor.1.thread.1] INFO  org.mule.lifecycle.AbstractLifecycleManager - Disposing RegistryBroker
2019-04-24 07:21:42,822 [Mule.app.deployer.monitor.1.thread.1] ERROR org.mule.module.launcher.application.DefaultMuleApplication - null
org.xml.sax.SAXParseException: cvc-complex-type.2.4.b: The content of element 'flow' is not complete. One of '{"http://www.mulesoft.org/schema/mule/core":abstract-message-processor, "http://www.mulesoft.org/schema/mule/core":abstract-outbound-endpoint, "http://www.mulesoft.org/schema/mule/core":abstract-mixed-content-message-processor, "http://www.mulesoft.org/schema/mule/core":response}' is expected.
	at com.sun.org.apache.xerces.internal.util.ErrorHandlerWrapper.createSAXParseException(ErrorHandlerWrapper.java:203) ~[?:1.8.0_144]
	at com.sun.org.apache.xerces.internal.util.ErrorHandlerWrapper.error(ErrorHandlerWrapper.java:134) ~[?:1.8.0_144]
	at com.sun.org.apache.xerces.internal.impl.XMLErrorReporter.reportError(XMLErrorReporter.java:396) ~[?:1.8.0_144]
	at com.sun.org.apache.xerces.internal.impl.XMLErrorReporter.reportError(XMLErrorReporter.java:327) ~[?:1.8.0_144]
	at com.sun.org.apache.xerces.internal.impl.XMLErrorReporter.reportError(XMLErrorReporter.java:284) ~[?:1.8.0_144]
	at com.sun.org.apache.xerces.internal.impl.xs.XMLSchemaValidator$XSIErrorReporter.reportError(XMLSchemaValidator.java:452) ~[?:1.8.0_144]
	at com.sun.org.apache.xerces.internal.impl.xs.XMLSchemaValidator.reportSchemaError(XMLSchemaValidator.java:3230) ~[?:1.8.0_144]
	at com.sun.org.apache.xerces.internal.impl.xs.XMLSchemaValidator.elementLocallyValidComplexType(XMLSchemaValidator.java:3206) ~[?:1.8.0_144]
	at com.sun.org.apache.xerces.internal.impl.xs.XMLSchemaValidator.elementLocallyValidType(XMLSchemaValidator.java:3153) ~[?:1.8.0_144]
	at com.sun.org.apache.xerces.internal.impl.xs.XMLSchemaValidator.processElementContent(XMLSchemaValidator.java:3055) ~[?:1.8.0_144]
	at com.sun.org.apache.xerces.internal.impl.xs.XMLSchemaValidator.handleEndElement(XMLSchemaValidator.java:2134) ~[?:1.8.0_144]
	at com.sun.org.apache.xerces.internal.impl.xs.XMLSchemaValidator.endElement(XMLSchemaValidator.java:853) ~[?:1.8.0_144]
	at com.sun.org.apache.xerces.internal.impl.XMLDocumentFragmentScannerImpl.scanEndElement(XMLDocumentFragmentScannerImpl.java:1782) ~[?:1.8.0_144]
	at com.sun.org.apache.xerces.internal.impl.XMLDocumentFragmentScannerImpl$FragmentContentDriver.next(XMLDocumentFragmentScannerImpl.java:2967) ~[?:1.8.0_144]
	at com.sun.org.apache.xerces.internal.impl.XMLDocumentScannerImpl.next(XMLDocumentScannerImpl.java:602) ~[?:1.8.0_144]
	at com.sun.org.apache.xerces.internal.impl.XMLNSDocumentScannerImpl.next(XMLNSDocumentScannerImpl.java:112) ~[?:1.8.0_144]
	at com.sun.org.apache.xerces.internal.impl.XMLDocumentFragmentScannerImpl.scanDocument(XMLDocumentFragmentScannerImpl.java:505) ~[?:1.8.0_144]
	at com.sun.org.apache.xerces.internal.parsers.XML11Configuration.parse(XML11Configuration.java:841) ~[?:1.8.0_144]
	at com.sun.org.apache.xerces.internal.parsers.XML11Configuration.parse(XML11Configuration.java:770) ~[?:1.8.0_144]
	at com.sun.org.apache.xerces.internal.parsers.XMLParser.parse(XMLParser.java:141) ~[?:1.8.0_144]
	at com.sun.org.apache.xerces.internal.parsers.DOMParser.parse(DOMParser.java:243) ~[?:1.8.0_144]
	at com.sun.org.apache.xerces.internal.jaxp.DocumentBuilderImpl.parse(DocumentBuilderImpl.java:339) ~[?:1.8.0_144]
	at org.springframework.beans.factory.xml.DefaultDocumentLoader.loadDocument(DefaultDocumentLoader.java:76) ~[spring-beans-4.1.9.RELEASE.jar:4.1.9.RELEASE]
	at org.mule.config.spring.MuleDocumentLoader.loadDocument(MuleDocumentLoader.java:91) ~[mule-module-spring-config-3.9.1.jar:3.9.1]
	at org.springframework.beans.factory.xml.XmlBeanDefinitionReader.doLoadDocument(XmlBeanDefinitionReader.java:429) ~[spring-beans-4.1.9.RELEASE.jar:4.1.9.RELEASE]
	at org.springframework.beans.factory.xml.XmlBeanDefinitionReader.doLoadBeanDefinitions(XmlBeanDefinitionReader.java:391) ~[spring-beans-4.1.9.RELEASE.jar:4.1.9.RELEASE]
	at org.springframework.beans.factory.xml.XmlBeanDefinitionReader.loadBeanDefinitions(XmlBeanDefinitionReader.java:336) ~[spring-beans-4.1.9.RELEASE.jar:4.1.9.RELEASE]
	at org.springframework.beans.factory.xml.XmlBeanDefinitionReader.loadBeanDefinitions(XmlBeanDefinitionReader.java:304) ~[spring-beans-4.1.9.RELEASE.jar:4.1.9.RELEASE]
	at org.springframework.beans.factory.support.AbstractBeanDefinitionReader.loadBeanDefinitions(AbstractBeanDefinitionReader.java:181) ~[spring-beans-4.1.9.RELEASE.jar:4.1.9.RELEASE]
	at org.mule.config.spring.MuleArtifactContext.loadBeanDefinitions(MuleArtifactContext.java:192) ~[mule-module-spring-config-3.9.1.jar:3.9.1]
	at org.springframework.context.support.AbstractRefreshableApplicationContext.refreshBeanFactory(AbstractRefreshableApplicationContext.java:129) ~[spring-context-4.1.9.RELEASE.jar:4.1.9.RELEASE]
	at org.springframework.context.support.AbstractApplicationContext.obtainFreshBeanFactory(AbstractApplicationContext.java:541) ~[spring-context-4.1.9.RELEASE.jar:4.1.9.RELEASE]
	at org.springframework.context.support.AbstractApplicationContext.refresh(AbstractApplicationContext.java:452) ~[spring-context-4.1.9.RELEASE.jar:4.1.9.RELEASE]
	at org.mule.config.spring.SpringRegistry.doInitialise(SpringRegistry.java:108) ~[mule-module-spring-config-3.9.1.jar:3.9.1]
	at org.mule.registry.AbstractRegistry.initialise(AbstractRegistry.java:104) ~[mule-core-3.9.1.jar:3.9.1]
	at org.mule.config.spring.SpringXmlConfigurationBuilder.createSpringRegistry(SpringXmlConfigurationBuilder.java:177) ~[mule-module-spring-config-3.9.1.jar:3.9.1]
	at org.mule.config.spring.SpringXmlConfigurationBuilder.doConfigure(SpringXmlConfigurationBuilder.java:100) ~[mule-module-spring-config-3.9.1.jar:3.9.1]
	at org.mule.config.builders.AbstractConfigurationBuilder.configure(AbstractConfigurationBuilder.java:43) ~[mule-core-3.9.1.jar:3.9.1]
	at org.mule.config.builders.AbstractResourceConfigurationBuilder.configure(AbstractResourceConfigurationBuilder.java:69) ~[mule-core-3.9.1.jar:3.9.1]
	at org.mule.config.builders.AutoConfigurationBuilder.autoConfigure(AutoConfigurationBuilder.java:102) ~[mule-core-3.9.1.jar:3.9.1]
	at org.mule.config.builders.AutoConfigurationBuilder.doConfigure(AutoConfigurationBuilder.java:54) ~[mule-core-3.9.1.jar:3.9.1]
	at org.mule.config.builders.AbstractConfigurationBuilder.configure(AbstractConfigurationBuilder.java:43) ~[mule-core-3.9.1.jar:3.9.1]
	at org.mule.config.builders.AbstractResourceConfigurationBuilder.configure(AbstractResourceConfigurationBuilder.java:69) ~[mule-core-3.9.1.jar:3.9.1]
	at org.mule.context.DefaultMuleContextFactory$1.configure(DefaultMuleContextFactory.java:89) ~[mule-core-3.9.1.jar:3.9.1]
	at org.mule.context.DefaultMuleContextFactory.doCreateMuleContext(DefaultMuleContextFactory.java:222) ~[mule-core-3.9.1.jar:3.9.1]
	at org.mule.context.DefaultMuleContextFactory.createMuleContext(DefaultMuleContextFactory.java:81) ~[mule-core-3.9.1.jar:3.9.1]
	at org.mule.module.launcher.application.DefaultMuleApplication.init(DefaultMuleApplication.java:210) ~[mule-module-launcher-3.9.1.jar:3.9.1]
	at org.mule.module.launcher.artifact.ArtifactWrapper$2.execute(ArtifactWrapper.java:64) ~[mule-module-launcher-3.9.1.jar:3.9.1]
	at org.mule.module.launcher.artifact.ArtifactWrapper.executeWithinArtifactClassLoader(ArtifactWrapper.java:137) ~[mule-module-launcher-3.9.1.jar:3.9.1]
	at org.mule.module.launcher.artifact.ArtifactWrapper.init(ArtifactWrapper.java:59) ~[mule-module-launcher-3.9.1.jar:3.9.1]
	at org.mule.module.launcher.DefaultArtifactDeployer.deploy(DefaultArtifactDeployer.java:72) ~[mule-module-launcher-3.9.1.jar:3.9.1]
	at org.mule.module.launcher.DefaultArchiveDeployer.redeploy(DefaultArchiveDeployer.java:493) ~[mule-module-launcher-3.9.1.jar:3.9.1]
	at org.mule.module.launcher.DefaultArchiveDeployer.redeploy(DefaultArchiveDeployer.java:429) ~[mule-module-launcher-3.9.1.jar:3.9.1]
	at org.mule.module.launcher.DeploymentDirectoryWatcher.redeployModifiedArtifacts(DeploymentDirectoryWatcher.java:567) ~[mule-module-launcher-3.9.1.jar:3.9.1]
	at org.mule.module.launcher.DeploymentDirectoryWatcher.redeployModifiedApplications(DeploymentDirectoryWatcher.java:544) ~[mule-module-launcher-3.9.1.jar:3.9.1]
	at org.mule.module.launcher.DeploymentDirectoryWatcher.run(DeploymentDirectoryWatcher.java:356) ~[mule-module-launcher-3.9.1.jar:3.9.1]
	at java.util.concurrent.Executors$RunnableAdapter.call(Executors.java:511) ~[?:1.8.0_144]
	at java.util.concurrent.FutureTask.runAndReset(FutureTask.java:308) ~[?:1.8.0_144]
	at java.util.concurrent.ScheduledThreadPoolExecutor$ScheduledFutureTask.access$301(ScheduledThreadPoolExecutor.java:180) ~[?:1.8.0_144]
	at java.util.concurrent.ScheduledThreadPoolExecutor$ScheduledFutureTask.run(ScheduledThreadPoolExecutor.java:294) ~[?:1.8.0_144]
	at java.util.concurrent.ThreadPoolExecutor.runWorker(ThreadPoolExecutor.java:1149) [?:1.8.0_144]
	at java.util.concurrent.ThreadPoolExecutor$Worker.run(ThreadPoolExecutor.java:624) [?:1.8.0_144]
	at java.lang.Thread.run(Thread.java:748) [?:1.8.0_144]
2019-04-24 07:21:42,854 [Mule.app.deployer.monitor.1.thread.1] INFO  org.mule.module.launcher.application.DefaultMuleApplication - App 'mule-requester' never started, nothing to dispose of
2019-04-24 07:23:28,399 [Mule.app.deployer.monitor.1.thread.1] INFO  org.mule.module.launcher.application.DefaultMuleApplication - 
++++++++++++++++++++++++++++++++++++++++++++++++++++++++++++
+ Initializing app 'mule-requester'                        +
++++++++++++++++++++++++++++++++++++++++++++++++++++++++++++
2019-04-24 07:23:28,721 [Mule.app.deployer.monitor.1.thread.1] INFO  org.mule.lifecycle.AbstractLifecycleManager - Initialising RegistryBroker
2019-04-24 07:23:28,736 [Mule.app.deployer.monitor.1.thread.1] INFO  org.mule.module.extension.internal.manager.DefaultExtensionManager - Starting discovery of extensions
2019-04-24 07:23:28,836 [Mule.app.deployer.monitor.1.thread.1] INFO  org.mule.module.extension.internal.manager.DefaultExtensionManager - Discovered 1 extensions
2019-04-24 07:23:28,836 [Mule.app.deployer.monitor.1.thread.1] INFO  org.mule.module.extension.internal.manager.DefaultExtensionManager - Registering extension validation (version 3.9)
2019-04-24 07:23:28,846 [Mule.app.deployer.monitor.1.thread.1] INFO  org.mule.config.spring.MuleArtifactContext - Refreshing org.mule.config.spring.MuleArtifactContext@13e2c1e7: startup date [Wed Apr 24 07:23:28 IST 2019]; root of context hierarchy
2019-04-24 07:23:31,384 [Mule.app.deployer.monitor.1.thread.1] WARN  org.springframework.beans.factory.xml.XmlBeanDefinitionReader - Ignored XML validation warning
org.xml.sax.SAXParseException: schema_reference.4: Failed to read schema document 'http://www.mulesoft.org/schema/mule/mulerequester/current/mule-mulerequester.xsd', because 1) could not find the document; 2) the document could not be read; 3) the root element of the document is not <xsd:schema>.
	at com.sun.org.apache.xerces.internal.util.ErrorHandlerWrapper.createSAXParseException(ErrorHandlerWrapper.java:203) ~[?:1.8.0_144]
	at com.sun.org.apache.xerces.internal.util.ErrorHandlerWrapper.warning(ErrorHandlerWrapper.java:99) ~[?:1.8.0_144]
	at com.sun.org.apache.xerces.internal.impl.XMLErrorReporter.reportError(XMLErrorReporter.java:392) ~[?:1.8.0_144]
	at com.sun.org.apache.xerces.internal.impl.XMLErrorReporter.reportError(XMLErrorReporter.java:306) ~[?:1.8.0_144]
	at com.sun.org.apache.xerces.internal.impl.xs.traversers.XSDHandler.reportSchemaErr(XSDHandler.java:4160) ~[?:1.8.0_144]
	at com.sun.org.apache.xerces.internal.impl.xs.traversers.XSDHandler.reportSchemaWarning(XSDHandler.java:4151) ~[?:1.8.0_144]
	at com.sun.org.apache.xerces.internal.impl.xs.traversers.XSDHandler.getSchemaDocument1(XSDHandler.java:2493) ~[?:1.8.0_144]
	at com.sun.org.apache.xerces.internal.impl.xs.traversers.XSDHandler.getSchemaDocument(XSDHandler.java:2191) ~[?:1.8.0_144]
	at com.sun.org.apache.xerces.internal.impl.xs.traversers.XSDHandler.parseSchema(XSDHandler.java:576) ~[?:1.8.0_144]
	at com.sun.org.apache.xerces.internal.impl.xs.XMLSchemaLoader.loadSchema(XMLSchemaLoader.java:613) ~[?:1.8.0_144]
	at com.sun.org.apache.xerces.internal.impl.xs.XMLSchemaValidator.findSchemaGrammar(XMLSchemaValidator.java:2446) ~[?:1.8.0_144]
	at com.sun.org.apache.xerces.internal.impl.xs.XMLSchemaValidator.handleStartElement(XMLSchemaValidator.java:1767) ~[?:1.8.0_144]
	at com.sun.org.apache.xerces.internal.impl.xs.XMLSchemaValidator.emptyElement(XMLSchemaValidator.java:760) ~[?:1.8.0_144]
	at com.sun.org.apache.xerces.internal.impl.XMLNSDocumentScannerImpl.scanStartElement(XMLNSDocumentScannerImpl.java:351) ~[?:1.8.0_144]
	at com.sun.org.apache.xerces.internal.impl.XMLDocumentFragmentScannerImpl$FragmentContentDriver.next(XMLDocumentFragmentScannerImpl.java:2784) ~[?:1.8.0_144]
	at com.sun.org.apache.xerces.internal.impl.XMLDocumentScannerImpl.next(XMLDocumentScannerImpl.java:602) ~[?:1.8.0_144]
	at com.sun.org.apache.xerces.internal.impl.XMLNSDocumentScannerImpl.next(XMLNSDocumentScannerImpl.java:112) ~[?:1.8.0_144]
	at com.sun.org.apache.xerces.internal.impl.XMLDocumentFragmentScannerImpl.scanDocument(XMLDocumentFragmentScannerImpl.java:505) ~[?:1.8.0_144]
	at com.sun.org.apache.xerces.internal.parsers.XML11Configuration.parse(XML11Configuration.java:841) ~[?:1.8.0_144]
	at com.sun.org.apache.xerces.internal.parsers.XML11Configuration.parse(XML11Configuration.java:770) ~[?:1.8.0_144]
	at com.sun.org.apache.xerces.internal.parsers.XMLParser.parse(XMLParser.java:141) ~[?:1.8.0_144]
	at com.sun.org.apache.xerces.internal.parsers.DOMParser.parse(DOMParser.java:243) ~[?:1.8.0_144]
	at com.sun.org.apache.xerces.internal.jaxp.DocumentBuilderImpl.parse(DocumentBuilderImpl.java:339) ~[?:1.8.0_144]
	at org.springframework.beans.factory.xml.DefaultDocumentLoader.loadDocument(DefaultDocumentLoader.java:76) ~[spring-beans-4.1.9.RELEASE.jar:4.1.9.RELEASE]
	at org.mule.config.spring.MuleDocumentLoader.loadDocument(MuleDocumentLoader.java:91) ~[mule-module-spring-config-3.9.1.jar:3.9.1]
	at org.springframework.beans.factory.xml.XmlBeanDefinitionReader.doLoadDocument(XmlBeanDefinitionReader.java:429) ~[spring-beans-4.1.9.RELEASE.jar:4.1.9.RELEASE]
	at org.springframework.beans.factory.xml.XmlBeanDefinitionReader.doLoadBeanDefinitions(XmlBeanDefinitionReader.java:391) ~[spring-beans-4.1.9.RELEASE.jar:4.1.9.RELEASE]
	at org.springframework.beans.factory.xml.XmlBeanDefinitionReader.loadBeanDefinitions(XmlBeanDefinitionReader.java:336) ~[spring-beans-4.1.9.RELEASE.jar:4.1.9.RELEASE]
	at org.springframework.beans.factory.xml.XmlBeanDefinitionReader.loadBeanDefinitions(XmlBeanDefinitionReader.java:304) ~[spring-beans-4.1.9.RELEASE.jar:4.1.9.RELEASE]
	at org.springframework.beans.factory.support.AbstractBeanDefinitionReader.loadBeanDefinitions(AbstractBeanDefinitionReader.java:181) ~[spring-beans-4.1.9.RELEASE.jar:4.1.9.RELEASE]
	at org.mule.config.spring.MuleArtifactContext.loadBeanDefinitions(MuleArtifactContext.java:192) ~[mule-module-spring-config-3.9.1.jar:3.9.1]
	at org.springframework.context.support.AbstractRefreshableApplicationContext.refreshBeanFactory(AbstractRefreshableApplicationContext.java:129) ~[spring-context-4.1.9.RELEASE.jar:4.1.9.RELEASE]
	at org.springframework.context.support.AbstractApplicationContext.obtainFreshBeanFactory(AbstractApplicationContext.java:541) ~[spring-context-4.1.9.RELEASE.jar:4.1.9.RELEASE]
	at org.springframework.context.support.AbstractApplicationContext.refresh(AbstractApplicationContext.java:452) ~[spring-context-4.1.9.RELEASE.jar:4.1.9.RELEASE]
	at org.mule.config.spring.SpringRegistry.doInitialise(SpringRegistry.java:108) ~[mule-module-spring-config-3.9.1.jar:3.9.1]
	at org.mule.registry.AbstractRegistry.initialise(AbstractRegistry.java:104) ~[mule-core-3.9.1.jar:3.9.1]
	at org.mule.config.spring.SpringXmlConfigurationBuilder.createSpringRegistry(SpringXmlConfigurationBuilder.java:177) ~[mule-module-spring-config-3.9.1.jar:3.9.1]
	at org.mule.config.spring.SpringXmlConfigurationBuilder.doConfigure(SpringXmlConfigurationBuilder.java:100) ~[mule-module-spring-config-3.9.1.jar:3.9.1]
	at org.mule.config.builders.AbstractConfigurationBuilder.configure(AbstractConfigurationBuilder.java:43) ~[mule-core-3.9.1.jar:3.9.1]
	at org.mule.config.builders.AbstractResourceConfigurationBuilder.configure(AbstractResourceConfigurationBuilder.java:69) ~[mule-core-3.9.1.jar:3.9.1]
	at org.mule.config.builders.AutoConfigurationBuilder.autoConfigure(AutoConfigurationBuilder.java:102) ~[mule-core-3.9.1.jar:3.9.1]
	at org.mule.config.builders.AutoConfigurationBuilder.doConfigure(AutoConfigurationBuilder.java:54) ~[mule-core-3.9.1.jar:3.9.1]
	at org.mule.config.builders.AbstractConfigurationBuilder.configure(AbstractConfigurationBuilder.java:43) ~[mule-core-3.9.1.jar:3.9.1]
	at org.mule.config.builders.AbstractResourceConfigurationBuilder.configure(AbstractResourceConfigurationBuilder.java:69) ~[mule-core-3.9.1.jar:3.9.1]
	at org.mule.context.DefaultMuleContextFactory$1.configure(DefaultMuleContextFactory.java:89) ~[mule-core-3.9.1.jar:3.9.1]
	at org.mule.context.DefaultMuleContextFactory.doCreateMuleContext(DefaultMuleContextFactory.java:222) ~[mule-core-3.9.1.jar:3.9.1]
	at org.mule.context.DefaultMuleContextFactory.createMuleContext(DefaultMuleContextFactory.java:81) ~[mule-core-3.9.1.jar:3.9.1]
	at org.mule.module.launcher.application.DefaultMuleApplication.init(DefaultMuleApplication.java:210) ~[mule-module-launcher-3.9.1.jar:3.9.1]
	at org.mule.module.launcher.artifact.ArtifactWrapper$2.execute(ArtifactWrapper.java:64) ~[mule-module-launcher-3.9.1.jar:3.9.1]
	at org.mule.module.launcher.artifact.ArtifactWrapper.executeWithinArtifactClassLoader(ArtifactWrapper.java:137) ~[mule-module-launcher-3.9.1.jar:3.9.1]
	at org.mule.module.launcher.artifact.ArtifactWrapper.init(ArtifactWrapper.java:59) ~[mule-module-launcher-3.9.1.jar:3.9.1]
	at org.mule.module.launcher.DefaultArtifactDeployer.deploy(DefaultArtifactDeployer.java:72) ~[mule-module-launcher-3.9.1.jar:3.9.1]
	at org.mule.module.launcher.DefaultArchiveDeployer.redeploy(DefaultArchiveDeployer.java:493) ~[mule-module-launcher-3.9.1.jar:3.9.1]
	at org.mule.module.launcher.DefaultArchiveDeployer.redeploy(DefaultArchiveDeployer.java:429) ~[mule-module-launcher-3.9.1.jar:3.9.1]
	at org.mule.module.launcher.DeploymentDirectoryWatcher.redeployModifiedArtifacts(DeploymentDirectoryWatcher.java:567) ~[mule-module-launcher-3.9.1.jar:3.9.1]
	at org.mule.module.launcher.DeploymentDirectoryWatcher.redeployModifiedApplications(DeploymentDirectoryWatcher.java:544) ~[mule-module-launcher-3.9.1.jar:3.9.1]
	at org.mule.module.launcher.DeploymentDirectoryWatcher.run(DeploymentDirectoryWatcher.java:356) ~[mule-module-launcher-3.9.1.jar:3.9.1]
	at java.util.concurrent.Executors$RunnableAdapter.call(Executors.java:511) ~[?:1.8.0_144]
	at java.util.concurrent.FutureTask.runAndReset(FutureTask.java:308) ~[?:1.8.0_144]
	at java.util.concurrent.ScheduledThreadPoolExecutor$ScheduledFutureTask.access$301(ScheduledThreadPoolExecutor.java:180) ~[?:1.8.0_144]
	at java.util.concurrent.ScheduledThreadPoolExecutor$ScheduledFutureTask.run(ScheduledThreadPoolExecutor.java:294) ~[?:1.8.0_144]
	at java.util.concurrent.ThreadPoolExecutor.runWorker(ThreadPoolExecutor.java:1149) [?:1.8.0_144]
	at java.util.concurrent.ThreadPoolExecutor$Worker.run(ThreadPoolExecutor.java:624) [?:1.8.0_144]
	at java.lang.Thread.run(Thread.java:748) [?:1.8.0_144]
Caused by: java.io.FileNotFoundException: http://www.mulesoft.org/schema/mule/mulerequester/current/mule-mulerequester.xsd
	at sun.net.www.protocol.http.HttpURLConnection.getInputStream0(HttpURLConnection.java:1872) ~[?:1.8.0_144]
	at sun.net.www.protocol.http.HttpURLConnection.getInputStream(HttpURLConnection.java:1474) ~[?:1.8.0_144]
	at com.sun.org.apache.xerces.internal.impl.XMLEntityManager.setupCurrentEntity(XMLEntityManager.java:647) ~[?:1.8.0_144]
	at com.sun.org.apache.xerces.internal.impl.XMLVersionDetector.determineDocVersion(XMLVersionDetector.java:148) ~[?:1.8.0_144]
	at com.sun.org.apache.xerces.internal.impl.xs.opti.SchemaParsingConfig.parse(SchemaParsingConfig.java:582) ~[?:1.8.0_144]
	at com.sun.org.apache.xerces.internal.impl.xs.opti.SchemaParsingConfig.parse(SchemaParsingConfig.java:685) ~[?:1.8.0_144]
	at com.sun.org.apache.xerces.internal.impl.xs.opti.SchemaDOMParser.parse(SchemaDOMParser.java:530) ~[?:1.8.0_144]
	at com.sun.org.apache.xerces.internal.impl.xs.traversers.XSDHandler.getSchemaDocument(XSDHandler.java:2179) ~[?:1.8.0_144]
	... 56 more
2019-04-24 07:23:31,384 [Mule.app.deployer.monitor.1.thread.1] INFO  org.mule.lifecycle.AbstractLifecycleManager - Disposing RegistryBroker
2019-04-24 07:23:31,384 [Mule.app.deployer.monitor.1.thread.1] ERROR org.mule.module.launcher.application.DefaultMuleApplication - null
org.xml.sax.SAXParseException: cvc-complex-type.2.4.a: Invalid content was found starting with element 'mulerequester:request-collection'. One of '{"http://www.mulesoft.org/schema/mule/core":abstract-message-processor, "http://www.mulesoft.org/schema/mule/core":abstract-outbound-endpoint, "http://www.mulesoft.org/schema/mule/core":abstract-mixed-content-message-processor, "http://www.mulesoft.org/schema/mule/core":response}' is expected.
	at com.sun.org.apache.xerces.internal.util.ErrorHandlerWrapper.createSAXParseException(ErrorHandlerWrapper.java:203) ~[?:1.8.0_144]
	at com.sun.org.apache.xerces.internal.util.ErrorHandlerWrapper.error(ErrorHandlerWrapper.java:134) ~[?:1.8.0_144]
	at com.sun.org.apache.xerces.internal.impl.XMLErrorReporter.reportError(XMLErrorReporter.java:396) ~[?:1.8.0_144]
	at com.sun.org.apache.xerces.internal.impl.XMLErrorReporter.reportError(XMLErrorReporter.java:327) ~[?:1.8.0_144]
	at com.sun.org.apache.xerces.internal.impl.XMLErrorReporter.reportError(XMLErrorReporter.java:284) ~[?:1.8.0_144]
	at com.sun.org.apache.xerces.internal.impl.xs.XMLSchemaValidator$XSIErrorReporter.reportError(XMLSchemaValidator.java:452) ~[?:1.8.0_144]
	at com.sun.org.apache.xerces.internal.impl.xs.XMLSchemaValidator.reportSchemaError(XMLSchemaValidator.java:3230) ~[?:1.8.0_144]
	at com.sun.org.apache.xerces.internal.impl.xs.XMLSchemaValidator.handleStartElement(XMLSchemaValidator.java:1790) ~[?:1.8.0_144]
	at com.sun.org.apache.xerces.internal.impl.xs.XMLSchemaValidator.emptyElement(XMLSchemaValidator.java:760) ~[?:1.8.0_144]
	at com.sun.org.apache.xerces.internal.impl.XMLNSDocumentScannerImpl.scanStartElement(XMLNSDocumentScannerImpl.java:351) ~[?:1.8.0_144]
	at com.sun.org.apache.xerces.internal.impl.XMLDocumentFragmentScannerImpl$FragmentContentDriver.next(XMLDocumentFragmentScannerImpl.java:2784) ~[?:1.8.0_144]
	at com.sun.org.apache.xerces.internal.impl.XMLDocumentScannerImpl.next(XMLDocumentScannerImpl.java:602) ~[?:1.8.0_144]
	at com.sun.org.apache.xerces.internal.impl.XMLNSDocumentScannerImpl.next(XMLNSDocumentScannerImpl.java:112) ~[?:1.8.0_144]
	at com.sun.org.apache.xerces.internal.impl.XMLDocumentFragmentScannerImpl.scanDocument(XMLDocumentFragmentScannerImpl.java:505) ~[?:1.8.0_144]
	at com.sun.org.apache.xerces.internal.parsers.XML11Configuration.parse(XML11Configuration.java:841) ~[?:1.8.0_144]
	at com.sun.org.apache.xerces.internal.parsers.XML11Configuration.parse(XML11Configuration.java:770) ~[?:1.8.0_144]
	at com.sun.org.apache.xerces.internal.parsers.XMLParser.parse(XMLParser.java:141) ~[?:1.8.0_144]
	at com.sun.org.apache.xerces.internal.parsers.DOMParser.parse(DOMParser.java:243) ~[?:1.8.0_144]
	at com.sun.org.apache.xerces.internal.jaxp.DocumentBuilderImpl.parse(DocumentBuilderImpl.java:339) ~[?:1.8.0_144]
	at org.springframework.beans.factory.xml.DefaultDocumentLoader.loadDocument(DefaultDocumentLoader.java:76) ~[spring-beans-4.1.9.RELEASE.jar:4.1.9.RELEASE]
	at org.mule.config.spring.MuleDocumentLoader.loadDocument(MuleDocumentLoader.java:91) ~[mule-module-spring-config-3.9.1.jar:3.9.1]
	at org.springframework.beans.factory.xml.XmlBeanDefinitionReader.doLoadDocument(XmlBeanDefinitionReader.java:429) ~[spring-beans-4.1.9.RELEASE.jar:4.1.9.RELEASE]
	at org.springframework.beans.factory.xml.XmlBeanDefinitionReader.doLoadBeanDefinitions(XmlBeanDefinitionReader.java:391) ~[spring-beans-4.1.9.RELEASE.jar:4.1.9.RELEASE]
	at org.springframework.beans.factory.xml.XmlBeanDefinitionReader.loadBeanDefinitions(XmlBeanDefinitionReader.java:336) ~[spring-beans-4.1.9.RELEASE.jar:4.1.9.RELEASE]
	at org.springframework.beans.factory.xml.XmlBeanDefinitionReader.loadBeanDefinitions(XmlBeanDefinitionReader.java:304) ~[spring-beans-4.1.9.RELEASE.jar:4.1.9.RELEASE]
	at org.springframework.beans.factory.support.AbstractBeanDefinitionReader.loadBeanDefinitions(AbstractBeanDefinitionReader.java:181) ~[spring-beans-4.1.9.RELEASE.jar:4.1.9.RELEASE]
	at org.mule.config.spring.MuleArtifactContext.loadBeanDefinitions(MuleArtifactContext.java:192) ~[mule-module-spring-config-3.9.1.jar:3.9.1]
	at org.springframework.context.support.AbstractRefreshableApplicationContext.refreshBeanFactory(AbstractRefreshableApplicationContext.java:129) ~[spring-context-4.1.9.RELEASE.jar:4.1.9.RELEASE]
	at org.springframework.context.support.AbstractApplicationContext.obtainFreshBeanFactory(AbstractApplicationContext.java:541) ~[spring-context-4.1.9.RELEASE.jar:4.1.9.RELEASE]
	at org.springframework.context.support.AbstractApplicationContext.refresh(AbstractApplicationContext.java:452) ~[spring-context-4.1.9.RELEASE.jar:4.1.9.RELEASE]
	at org.mule.config.spring.SpringRegistry.doInitialise(SpringRegistry.java:108) ~[mule-module-spring-config-3.9.1.jar:3.9.1]
	at org.mule.registry.AbstractRegistry.initialise(AbstractRegistry.java:104) ~[mule-core-3.9.1.jar:3.9.1]
	at org.mule.config.spring.SpringXmlConfigurationBuilder.createSpringRegistry(SpringXmlConfigurationBuilder.java:177) ~[mule-module-spring-config-3.9.1.jar:3.9.1]
	at org.mule.config.spring.SpringXmlConfigurationBuilder.doConfigure(SpringXmlConfigurationBuilder.java:100) ~[mule-module-spring-config-3.9.1.jar:3.9.1]
	at org.mule.config.builders.AbstractConfigurationBuilder.configure(AbstractConfigurationBuilder.java:43) ~[mule-core-3.9.1.jar:3.9.1]
	at org.mule.config.builders.AbstractResourceConfigurationBuilder.configure(AbstractResourceConfigurationBuilder.java:69) ~[mule-core-3.9.1.jar:3.9.1]
	at org.mule.config.builders.AutoConfigurationBuilder.autoConfigure(AutoConfigurationBuilder.java:102) ~[mule-core-3.9.1.jar:3.9.1]
	at org.mule.config.builders.AutoConfigurationBuilder.doConfigure(AutoConfigurationBuilder.java:54) ~[mule-core-3.9.1.jar:3.9.1]
	at org.mule.config.builders.AbstractConfigurationBuilder.configure(AbstractConfigurationBuilder.java:43) ~[mule-core-3.9.1.jar:3.9.1]
	at org.mule.config.builders.AbstractResourceConfigurationBuilder.configure(AbstractResourceConfigurationBuilder.java:69) ~[mule-core-3.9.1.jar:3.9.1]
	at org.mule.context.DefaultMuleContextFactory$1.configure(DefaultMuleContextFactory.java:89) ~[mule-core-3.9.1.jar:3.9.1]
	at org.mule.context.DefaultMuleContextFactory.doCreateMuleContext(DefaultMuleContextFactory.java:222) ~[mule-core-3.9.1.jar:3.9.1]
	at org.mule.context.DefaultMuleContextFactory.createMuleContext(DefaultMuleContextFactory.java:81) ~[mule-core-3.9.1.jar:3.9.1]
	at org.mule.module.launcher.application.DefaultMuleApplication.init(DefaultMuleApplication.java:210) ~[mule-module-launcher-3.9.1.jar:3.9.1]
	at org.mule.module.launcher.artifact.ArtifactWrapper$2.execute(ArtifactWrapper.java:64) ~[mule-module-launcher-3.9.1.jar:3.9.1]
	at org.mule.module.launcher.artifact.ArtifactWrapper.executeWithinArtifactClassLoader(ArtifactWrapper.java:137) ~[mule-module-launcher-3.9.1.jar:3.9.1]
	at org.mule.module.launcher.artifact.ArtifactWrapper.init(ArtifactWrapper.java:59) ~[mule-module-launcher-3.9.1.jar:3.9.1]
	at org.mule.module.launcher.DefaultArtifactDeployer.deploy(DefaultArtifactDeployer.java:72) ~[mule-module-launcher-3.9.1.jar:3.9.1]
	at org.mule.module.launcher.DefaultArchiveDeployer.redeploy(DefaultArchiveDeployer.java:493) ~[mule-module-launcher-3.9.1.jar:3.9.1]
	at org.mule.module.launcher.DefaultArchiveDeployer.redeploy(DefaultArchiveDeployer.java:429) ~[mule-module-launcher-3.9.1.jar:3.9.1]
	at org.mule.module.launcher.DeploymentDirectoryWatcher.redeployModifiedArtifacts(DeploymentDirectoryWatcher.java:567) ~[mule-module-launcher-3.9.1.jar:3.9.1]
	at org.mule.module.launcher.DeploymentDirectoryWatcher.redeployModifiedApplications(DeploymentDirectoryWatcher.java:544) ~[mule-module-launcher-3.9.1.jar:3.9.1]
	at org.mule.module.launcher.DeploymentDirectoryWatcher.run(DeploymentDirectoryWatcher.java:356) ~[mule-module-launcher-3.9.1.jar:3.9.1]
	at java.util.concurrent.Executors$RunnableAdapter.call(Executors.java:511) ~[?:1.8.0_144]
	at java.util.concurrent.FutureTask.runAndReset(FutureTask.java:308) ~[?:1.8.0_144]
	at java.util.concurrent.ScheduledThreadPoolExecutor$ScheduledFutureTask.access$301(ScheduledThreadPoolExecutor.java:180) ~[?:1.8.0_144]
	at java.util.concurrent.ScheduledThreadPoolExecutor$ScheduledFutureTask.run(ScheduledThreadPoolExecutor.java:294) ~[?:1.8.0_144]
	at java.util.concurrent.ThreadPoolExecutor.runWorker(ThreadPoolExecutor.java:1149) [?:1.8.0_144]
	at java.util.concurrent.ThreadPoolExecutor$Worker.run(ThreadPoolExecutor.java:624) [?:1.8.0_144]
	at java.lang.Thread.run(Thread.java:748) [?:1.8.0_144]
2019-04-24 07:23:31,390 [Mule.app.deployer.monitor.1.thread.1] INFO  org.mule.module.launcher.application.DefaultMuleApplication - App 'mule-requester' never started, nothing to dispose of
2019-04-24 07:24:38,355 [main] INFO  org.mule.module.launcher.application.DefaultMuleApplication - 
++++++++++++++++++++++++++++++++++++++++++++++++++++++++++++
+ Initializing app 'mule-requester'                        +
++++++++++++++++++++++++++++++++++++++++++++++++++++++++++++
2019-04-24 07:24:38,546 [main] INFO  org.mule.lifecycle.AbstractLifecycleManager - Initialising RegistryBroker
2019-04-24 07:24:38,689 [main] INFO  org.mule.module.extension.internal.manager.DefaultExtensionManager - Starting discovery of extensions
2019-04-24 07:24:39,025 [main] INFO  org.mule.module.extension.internal.manager.DefaultExtensionManager - Discovered 1 extensions
2019-04-24 07:24:39,025 [main] INFO  org.mule.module.extension.internal.manager.DefaultExtensionManager - Registering extension validation (version 3.9)
2019-04-24 07:24:39,097 [main] INFO  org.mule.config.spring.MuleArtifactContext - Refreshing org.mule.config.spring.MuleArtifactContext@5aabbb29: startup date [Wed Apr 24 07:24:39 IST 2019]; root of context hierarchy
2019-04-24 07:24:40,547 [main] INFO  org.mule.config.spring.processors.NoDevkitInjectorProcessor - JSR-330 'javax.inject.Inject' annotation found and supported for autowiring
2019-04-24 07:24:41,900 [main] WARN  org.mule.module.ognl.expression.OgnlExpressionEvaluator - OGNL module is deprecated and will be removed in Mule 4.0. Use MEL expressions instead.
2019-04-24 07:24:42,230 [main] INFO  org.mule.util.journal.TransactionJournal - Using files for tx logs C:\Users\ammati mouli\AnypointStudio\workspace\equus\.mule\.\.mule\mule-requester\queue-tx-log\tx1.log and C:\Users\ammati mouli\AnypointStudio\workspace\equus\.mule\.\.mule\mule-requester\queue-tx-log\tx2.log
2019-04-24 07:24:42,242 [main] INFO  org.mule.util.journal.TransactionJournal - Using files for tx logs C:\Users\ammati mouli\AnypointStudio\workspace\equus\.mule\.\.mule\mule-requester\queue-xa-tx-log\tx1.log and C:\Users\ammati mouli\AnypointStudio\workspace\equus\.mule\.\.mule\mule-requester\queue-xa-tx-log\tx2.log
2019-04-24 07:24:42,250 [main] INFO  org.mule.lifecycle.AbstractLifecycleManager - Initialising connector: Active_MQ
2019-04-24 07:24:42,478 [main] INFO  org.mule.lifecycle.AbstractLifecycleManager - Initialising model: _muleSystemModel
2019-04-24 07:24:42,482 [main] INFO  org.mule.construct.FlowConstructLifecycleManager - Initialising flow: mule-requesterFlow
2019-04-24 07:24:42,482 [main] INFO  org.mule.exception.DefaultMessagingExceptionStrategy - Initialising exception listener: org.mule.exception.DefaultMessagingExceptionStrategy@3b42121d
2019-04-24 07:24:42,518 [main] INFO  org.mule.processor.SedaStageLifecycleManager - Initialising service: mule-requesterFlow.stage1
2019-04-24 07:24:42,530 [main] INFO  org.mule.construct.FlowConstructLifecycleManager - Initialising flow: mule-requesterFlow1
2019-04-24 07:24:42,534 [main] INFO  org.mule.exception.DefaultMessagingExceptionStrategy - Initialising exception listener: org.mule.exception.DefaultMessagingExceptionStrategy@6707a4bf
2019-04-24 07:24:42,538 [main] INFO  org.mule.processor.SedaStageLifecycleManager - Initialising service: mule-requesterFlow1.stage1
2019-04-24 07:24:42,734 [main] INFO  org.mule.config.spring.SpringXmlConfigurationBuilder - Configured Mule using "org.mule.config.spring.SpringXmlConfigurationBuilder" with configuration resource(s): "[ConfigResource{resourceName='C:\Users\ammati mouli\AnypointStudio\workspace\equus\.mule\apps\mule-requester\mule-requester.xml'}]"
2019-04-24 07:24:42,738 [main] INFO  org.mule.config.builders.AutoConfigurationBuilder - Configured Mule using "org.mule.config.builders.AutoConfigurationBuilder" with configuration resource(s): "[ConfigResource{resourceName='C:\Users\ammati mouli\AnypointStudio\workspace\equus\.mule\apps\mule-requester\mule-requester.xml'}]"
2019-04-24 07:24:42,742 [main] INFO  com.mulesoft.module.policies.lifecyle.GateKeeper - GateKeeper Mode: DISABLED
2019-04-24 07:24:42,742 [main] INFO  org.mule.module.launcher.application.DefaultMuleApplication - 
++++++++++++++++++++++++++++++++++++++++++++++++++++++++++++
+ Starting app 'mule-requester'                            +
++++++++++++++++++++++++++++++++++++++++++++++++++++++++++++
2019-04-24 07:24:42,742 [main] INFO  org.mule.util.queue.QueueXaResourceManager - Starting ResourceManager
2019-04-24 07:24:42,742 [main] INFO  org.mule.util.queue.QueueXaResourceManager - Started ResourceManager
2019-04-24 07:24:42,774 [main] INFO  org.mule.module.http.internal.listener.DefaultHttpListenerConfig - Listening for requests on http://0.0.0.0:8081
2019-04-24 07:24:43,403 [main] INFO  org.mule.transport.jms.activemq.ActiveMQJmsConnector - Connected: ActiveMQJmsConnector
{
  name=Active_MQ
  lifecycle=initialise
  this=1faf386c
  numberOfConcurrentTransactedReceivers=4
  createMultipleTransactedReceivers=true
  connected=true
  supportedProtocols=[jms]
  serviceOverrides=<none>
}

2019-04-24 07:24:43,403 [main] INFO  org.mule.transport.jms.activemq.ActiveMQJmsConnector - Starting: ActiveMQJmsConnector
{
  name=Active_MQ
  lifecycle=initialise
  this=1faf386c
  numberOfConcurrentTransactedReceivers=4
  createMultipleTransactedReceivers=true
  connected=true
  supportedProtocols=[jms]
  serviceOverrides=<none>
}

2019-04-24 07:24:43,403 [main] INFO  org.mule.lifecycle.AbstractLifecycleManager - Starting connector: Active_MQ
2019-04-24 07:24:43,407 [main] INFO  org.mule.module.generated.agents.DefaultSplashScreenAgent - 
++++++++++++++++++++++++++++++++++++++++++++++++++++++++++++++++++++++++++++++++
+ DevKit Extensions (0) used in this application 
                             +
++++++++++++++++++++++++++++++++++++++++++++++++++++++++++++++++++++++++++++++++
2019-04-24 07:24:43,407 [main] INFO  org.mule.lifecycle.AbstractLifecycleManager - Starting model: _muleSystemModel
2019-04-24 07:24:43,411 [main] INFO  org.mule.construct.FlowConstructLifecycleManager - Starting flow: mule-requesterFlow
2019-04-24 07:24:43,411 [main] INFO  org.mule.processor.SedaStageLifecycleManager - Starting service: mule-requesterFlow.stage1
2019-04-24 07:24:43,411 [main] INFO  org.mule.construct.FlowConstructLifecycleManager - Starting flow: mule-requesterFlow1
2019-04-24 07:24:43,411 [main] INFO  org.mule.processor.SedaStageLifecycleManager - Starting service: mule-requesterFlow1.stage1
2019-04-24 07:24:43,439 [main] INFO  org.mule.module.management.agent.WrapperManagerAgent - This JVM hasn't been launched by the wrapper, the agent will not run.
2019-04-24 07:24:43,455 [main] INFO  org.mule.module.management.agent.AbstractJmxAgent - Registered Connector Service with name Mule.mule-requester:type=Connector,name="Active_MQ"
2019-04-24 07:24:43,459 [main] INFO  org.mule.DefaultMuleContext - 
**********************************************************************
* Application: mule-requester                                        *
* OS encoding: \, Mule encoding: UTF-8                               *
*                                                                    *
* Agents Running:                                                    *
*   Batch module default engine                                      *
*   JMX Agent                                                        *
*   DevKit Extension Information                                     *
*   Wrapper Manager                                                  *
**********************************************************************
2019-04-24 07:24:51,542 [[mule-requester].HTTP_Listener_Configuration.worker.01] INFO  org.mule.transport.service.DefaultTransportServiceDescriptor - Loading default inbound transformer: org.mule.transport.jms.transformers.JMSMessageToObject
2019-04-24 07:24:51,545 [[mule-requester].HTTP_Listener_Configuration.worker.01] INFO  org.mule.lifecycle.AbstractLifecycleManager - Initialising: 'Active_MQ.requester.1441699877'. Object is: JmsMessageRequester
2019-04-24 07:24:51,546 [[mule-requester].HTTP_Listener_Configuration.worker.01] INFO  org.mule.lifecycle.AbstractLifecycleManager - Starting: 'Active_MQ.requester.1441699877'. Object is: JmsMessageRequester
2019-04-24 07:24:51,642 [[mule-requester].HTTP_Listener_Configuration.worker.01] INFO  org.mule.api.processor.LoggerMessageProcessor - 
org.mule.DefaultMuleMessage
{
  id=f2daedb0-6633-11e9-949c-aced5c567d05
  payload=java.lang.String
  correlationId=<not set>
  correlationGroup=-1
  correlationSeq=-1
  encoding=UTF-8
  exceptionPayload=<not set>

Message properties:
  INVOCATION scoped properties:
  INBOUND scoped properties:
  OUTBOUND scoped properties:
  SESSION scoped properties:
}
2019-04-24 07:31:22,878 [[mule-requester].HTTP_Listener_Configuration.worker.01] INFO  org.mule.api.processor.LoggerMessageProcessor - 
org.mule.DefaultMuleMessage
{
  id=db804560-6634-11e9-949c-aced5c567d05
  payload=java.lang.String
  correlationId=<not set>
  correlationGroup=-1
  correlationSeq=-1
  encoding=UTF-8
  exceptionPayload=<not set>

Message properties:
  INVOCATION scoped properties:
  INBOUND scoped properties:
  OUTBOUND scoped properties:
  SESSION scoped properties:
}
2019-04-24 07:31:29,086 [[mule-requester].HTTP_Listener_Configuration.worker.01] INFO  org.mule.api.processor.LoggerMessageProcessor - 
org.mule.DefaultMuleMessage
{
  id=df36bdb3-6634-11e9-949c-aced5c567d05
  payload=java.lang.String
  correlationId=<not set>
  correlationGroup=-1
  correlationSeq=-1
  encoding=UTF-8
  exceptionPayload=<not set>

Message properties:
  INVOCATION scoped properties:
  INBOUND scoped properties:
  OUTBOUND scoped properties:
  SESSION scoped properties:
}
2019-04-24 07:31:31,508 [[mule-requester].HTTP_Listener_Configuration.worker.01] INFO  org.mule.api.processor.LoggerMessageProcessor - 
org.mule.DefaultMuleMessage
{
  id=e0a8eb53-6634-11e9-949c-aced5c567d05
  payload=java.lang.String
  correlationId=<not set>
  correlationGroup=-1
  correlationSeq=-1
  encoding=UTF-8
  exceptionPayload=<not set>

Message properties:
  INVOCATION scoped properties:
  INBOUND scoped properties:
  OUTBOUND scoped properties:
  SESSION scoped properties:
}
2019-04-24 07:49:11,015 [Mule.app.deployer.monitor.1.thread.1] INFO  org.mule.module.launcher.application.DefaultMuleApplication - 
++++++++++++++++++++++++++++++++++++++++++++++++++++++++++++
+ Stopping app 'mule-requester'                            +
++++++++++++++++++++++++++++++++++++++++++++++++++++++++++++
2019-04-24 07:49:11,019 [Mule.app.deployer.monitor.1.thread.1] INFO  org.mule.construct.FlowConstructLifecycleManager - Stopping flow: mule-requesterFlow
2019-04-24 07:49:11,023 [Mule.app.deployer.monitor.1.thread.1] INFO  org.mule.processor.SedaStageLifecycleManager - Stopping service: mule-requesterFlow.stage1
2019-04-24 07:49:11,031 [Mule.app.deployer.monitor.1.thread.1] INFO  org.mule.construct.FlowConstructLifecycleManager - Stopping flow: mule-requesterFlow1
2019-04-24 07:49:11,031 [Mule.app.deployer.monitor.1.thread.1] INFO  org.mule.processor.SedaStageLifecycleManager - Stopping service: mule-requesterFlow1.stage1
2019-04-24 07:49:11,233 [Mule.app.deployer.monitor.1.thread.1] INFO  org.mule.lifecycle.AbstractLifecycleManager - Stopping model: _muleSystemModel
2019-04-24 07:49:11,233 [Mule.app.deployer.monitor.1.thread.1] INFO  org.mule.lifecycle.AbstractLifecycleManager - Stopping connector: Active_MQ
2019-04-24 07:49:11,237 [Mule.app.deployer.monitor.1.thread.1] INFO  org.mule.lifecycle.AbstractLifecycleManager - Stopping: 'Active_MQ.requester.1441699877'. Object is: JmsMessageRequester
2019-04-24 07:49:11,237 [Mule.app.deployer.monitor.1.thread.1] INFO  org.mule.lifecycle.AbstractLifecycleManager - Disposing: 'Active_MQ.requester.1441699877'. Object is: JmsMessageRequester
2019-04-24 07:49:11,241 [Mule.app.deployer.monitor.1.thread.1] INFO  org.mule.module.http.internal.listener.DefaultHttpListenerConfig - Stopped listener on http://0.0.0.0:8081
2019-04-24 07:49:11,245 [Mule.app.deployer.monitor.1.thread.1] INFO  org.mule.util.queue.QueueXaResourceManager - Stopping ResourceManager
2019-04-24 07:49:11,245 [Mule.app.deployer.monitor.1.thread.1] INFO  org.mule.util.queue.QueueXaResourceManager - Stopped ResourceManager
2019-04-24 07:49:11,249 [Mule.app.deployer.monitor.1.thread.1] INFO  org.mule.module.launcher.application.DefaultMuleApplication - 
++++++++++++++++++++++++++++++++++++++++++++++++++++++++++++
+ Disposing app 'mule-requester'                           +
++++++++++++++++++++++++++++++++++++++++++++++++++++++++++++
2019-04-24 07:49:11,249 [Mule.app.deployer.monitor.1.thread.1] INFO  org.mule.lifecycle.AbstractLifecycleManager - Disposing RegistryBroker
2019-04-24 07:49:11,249 [Mule.app.deployer.monitor.1.thread.1] INFO  org.mule.construct.FlowConstructLifecycleManager - Disposing flow: mule-requesterFlow
2019-04-24 07:49:11,253 [Mule.app.deployer.monitor.1.thread.1] INFO  org.mule.processor.SedaStageLifecycleManager - Disposing service: mule-requesterFlow.stage1
2019-04-24 07:49:11,253 [Mule.app.deployer.monitor.1.thread.1] INFO  org.mule.construct.FlowConstructLifecycleManager - Disposing flow: mule-requesterFlow1
2019-04-24 07:49:11,253 [Mule.app.deployer.monitor.1.thread.1] INFO  org.mule.processor.SedaStageLifecycleManager - Disposing service: mule-requesterFlow1.stage1
2019-04-24 07:49:11,253 [Mule.app.deployer.monitor.1.thread.1] INFO  org.mule.lifecycle.AbstractLifecycleManager - Disposing model: _muleSystemModel
2019-04-24 07:49:11,322 [Mule.app.deployer.monitor.1.thread.1] INFO  org.mule.transport.jms.activemq.ActiveMQJmsConnector - Disconnected: ActiveMQJmsConnector
{
  name=Active_MQ
  lifecycle=stop
  this=1faf386c
  numberOfConcurrentTransactedReceivers=4
  createMultipleTransactedReceivers=true
  connected=true
  supportedProtocols=[jms]
  serviceOverrides=<none>
}

2019-04-24 07:49:11,326 [Mule.app.deployer.monitor.1.thread.1] INFO  org.mule.lifecycle.AbstractLifecycleManager - Disposing connector: Active_MQ
2019-04-24 07:49:11,489 [Mule.app.deployer.monitor.1.thread.1] INFO  org.mule.config.spring.MuleArtifactContext - Closing org.mule.config.spring.MuleArtifactContext@5aabbb29: startup date [Wed Apr 24 07:24:39 IST 2019]; root of context hierarchy
2019-04-24 07:49:11,501 [Mule.app.deployer.monitor.1.thread.1] INFO  org.mule.DefaultMuleContext - 
**********************************************************************
* Application "mule-requester" shut down normally on: 4/24/19 7:49   *
* AM                                                                 *
* Up for: 0 days, 0 hours, 24 mins, 28.755 sec                       *
**********************************************************************
2019-04-24 07:49:12,521 [Mule.app.deployer.monitor.1.thread.1] INFO  org.mule.module.launcher.application.DefaultMuleApplication - 
++++++++++++++++++++++++++++++++++++++++++++++++++++++++++++
+ Initializing app 'mule-requester'                        +
++++++++++++++++++++++++++++++++++++++++++++++++++++++++++++
2019-04-24 07:49:12,531 [Mule.app.deployer.monitor.1.thread.1] INFO  org.mule.lifecycle.AbstractLifecycleManager - Initialising RegistryBroker
2019-04-24 07:49:12,535 [Mule.app.deployer.monitor.1.thread.1] INFO  org.mule.module.extension.internal.manager.DefaultExtensionManager - Starting discovery of extensions
2019-04-24 07:49:12,543 [Mule.app.deployer.monitor.1.thread.1] INFO  org.mule.module.extension.internal.manager.DefaultExtensionManager - Discovered 1 extensions
2019-04-24 07:49:12,547 [Mule.app.deployer.monitor.1.thread.1] INFO  org.mule.module.extension.internal.manager.DefaultExtensionManager - Registering extension validation (version 3.9)
2019-04-24 07:49:12,547 [Mule.app.deployer.monitor.1.thread.1] INFO  org.mule.config.spring.MuleArtifactContext - Refreshing org.mule.config.spring.MuleArtifactContext@56140ca0: startup date [Wed Apr 24 07:49:12 IST 2019]; root of context hierarchy
2019-04-24 07:49:12,802 [Mule.app.deployer.monitor.1.thread.1] INFO  org.mule.lifecycle.AbstractLifecycleManager - Disposing RegistryBroker
2019-04-24 07:49:12,806 [Mule.app.deployer.monitor.1.thread.1] ERROR org.mule.module.launcher.application.DefaultMuleApplication - null
org.xml.sax.SAXParseException: cvc-complex-type.2.4.b: The content of element 'quartz:outbound-endpoint' is not complete. One of '{"http://www.mulesoft.org/schema/mule/core":annotations, "http://www.mulesoft.org/schema/mule/core":abstract-transformer, "http://www.mulesoft.org/schema/mule/core":abstract-filter, "http://www.mulesoft.org/schema/mule/core":abstract-security-filter, "http://www.mulesoft.org/schema/mule/core":abstract-intercepting-message-processor, "http://www.mulesoft.org/schema/mule/core":abstract-observer-message-processor, "http://www.mulesoft.org/schema/mule/core":processor, "http://www.mulesoft.org/schema/mule/core":custom-processor, "http://www.mulesoft.org/schema/mule/core":abstract-mixed-content-message-processor, "http://www.mulesoft.org/schema/mule/core":response, "http://www.mulesoft.org/schema/mule/core":abstract-redelivery-policy, "http://www.mulesoft.org/schema/mule/core":abstract-transaction, "http://www.mulesoft.org/schema/mule/core":abstract-multi-transaction, "http://www.mulesoft.org/schema/mule/core":property, "http://www.mulesoft.org/schema/mule/core":properties, "http://www.mulesoft.org/schema/mule/quartz":abstract-job}' is expected.
	at com.sun.org.apache.xerces.internal.util.ErrorHandlerWrapper.createSAXParseException(ErrorHandlerWrapper.java:203) ~[?:1.8.0_144]
	at com.sun.org.apache.xerces.internal.util.ErrorHandlerWrapper.error(ErrorHandlerWrapper.java:134) ~[?:1.8.0_144]
	at com.sun.org.apache.xerces.internal.impl.XMLErrorReporter.reportError(XMLErrorReporter.java:396) ~[?:1.8.0_144]
	at com.sun.org.apache.xerces.internal.impl.XMLErrorReporter.reportError(XMLErrorReporter.java:327) ~[?:1.8.0_144]
	at com.sun.org.apache.xerces.internal.impl.XMLErrorReporter.reportError(XMLErrorReporter.java:284) ~[?:1.8.0_144]
	at com.sun.org.apache.xerces.internal.impl.xs.XMLSchemaValidator$XSIErrorReporter.reportError(XMLSchemaValidator.java:452) ~[?:1.8.0_144]
	at com.sun.org.apache.xerces.internal.impl.xs.XMLSchemaValidator.reportSchemaError(XMLSchemaValidator.java:3230) ~[?:1.8.0_144]
	at com.sun.org.apache.xerces.internal.impl.xs.XMLSchemaValidator.elementLocallyValidComplexType(XMLSchemaValidator.java:3206) ~[?:1.8.0_144]
	at com.sun.org.apache.xerces.internal.impl.xs.XMLSchemaValidator.elementLocallyValidType(XMLSchemaValidator.java:3153) ~[?:1.8.0_144]
	at com.sun.org.apache.xerces.internal.impl.xs.XMLSchemaValidator.processElementContent(XMLSchemaValidator.java:3055) ~[?:1.8.0_144]
	at com.sun.org.apache.xerces.internal.impl.xs.XMLSchemaValidator.handleEndElement(XMLSchemaValidator.java:2134) ~[?:1.8.0_144]
	at com.sun.org.apache.xerces.internal.impl.xs.XMLSchemaValidator.emptyElement(XMLSchemaValidator.java:769) ~[?:1.8.0_144]
	at com.sun.org.apache.xerces.internal.impl.XMLNSDocumentScannerImpl.scanStartElement(XMLNSDocumentScannerImpl.java:351) ~[?:1.8.0_144]
	at com.sun.org.apache.xerces.internal.impl.XMLDocumentFragmentScannerImpl$FragmentContentDriver.next(XMLDocumentFragmentScannerImpl.java:2784) ~[?:1.8.0_144]
	at com.sun.org.apache.xerces.internal.impl.XMLDocumentScannerImpl.next(XMLDocumentScannerImpl.java:602) ~[?:1.8.0_144]
	at com.sun.org.apache.xerces.internal.impl.XMLNSDocumentScannerImpl.next(XMLNSDocumentScannerImpl.java:112) ~[?:1.8.0_144]
	at com.sun.org.apache.xerces.internal.impl.XMLDocumentFragmentScannerImpl.scanDocument(XMLDocumentFragmentScannerImpl.java:505) ~[?:1.8.0_144]
	at com.sun.org.apache.xerces.internal.parsers.XML11Configuration.parse(XML11Configuration.java:841) ~[?:1.8.0_144]
	at com.sun.org.apache.xerces.internal.parsers.XML11Configuration.parse(XML11Configuration.java:770) ~[?:1.8.0_144]
	at com.sun.org.apache.xerces.internal.parsers.XMLParser.parse(XMLParser.java:141) ~[?:1.8.0_144]
	at com.sun.org.apache.xerces.internal.parsers.DOMParser.parse(DOMParser.java:243) ~[?:1.8.0_144]
	at com.sun.org.apache.xerces.internal.jaxp.DocumentBuilderImpl.parse(DocumentBuilderImpl.java:339) ~[?:1.8.0_144]
	at org.springframework.beans.factory.xml.DefaultDocumentLoader.loadDocument(DefaultDocumentLoader.java:76) ~[spring-beans-4.1.9.RELEASE.jar:4.1.9.RELEASE]
	at org.mule.config.spring.MuleDocumentLoader.loadDocument(MuleDocumentLoader.java:91) ~[mule-module-spring-config-3.9.1.jar:3.9.1]
	at org.springframework.beans.factory.xml.XmlBeanDefinitionReader.doLoadDocument(XmlBeanDefinitionReader.java:429) ~[spring-beans-4.1.9.RELEASE.jar:4.1.9.RELEASE]
	at org.springframework.beans.factory.xml.XmlBeanDefinitionReader.doLoadBeanDefinitions(XmlBeanDefinitionReader.java:391) ~[spring-beans-4.1.9.RELEASE.jar:4.1.9.RELEASE]
	at org.springframework.beans.factory.xml.XmlBeanDefinitionReader.loadBeanDefinitions(XmlBeanDefinitionReader.java:336) ~[spring-beans-4.1.9.RELEASE.jar:4.1.9.RELEASE]
	at org.springframework.beans.factory.xml.XmlBeanDefinitionReader.loadBeanDefinitions(XmlBeanDefinitionReader.java:304) ~[spring-beans-4.1.9.RELEASE.jar:4.1.9.RELEASE]
	at org.springframework.beans.factory.support.AbstractBeanDefinitionReader.loadBeanDefinitions(AbstractBeanDefinitionReader.java:181) ~[spring-beans-4.1.9.RELEASE.jar:4.1.9.RELEASE]
	at org.mule.config.spring.MuleArtifactContext.loadBeanDefinitions(MuleArtifactContext.java:192) ~[mule-module-spring-config-3.9.1.jar:3.9.1]
	at org.springframework.context.support.AbstractRefreshableApplicationContext.refreshBeanFactory(AbstractRefreshableApplicationContext.java:129) ~[spring-context-4.1.9.RELEASE.jar:4.1.9.RELEASE]
	at org.springframework.context.support.AbstractApplicationContext.obtainFreshBeanFactory(AbstractApplicationContext.java:541) ~[spring-context-4.1.9.RELEASE.jar:4.1.9.RELEASE]
	at org.springframework.context.support.AbstractApplicationContext.refresh(AbstractApplicationContext.java:452) ~[spring-context-4.1.9.RELEASE.jar:4.1.9.RELEASE]
	at org.mule.config.spring.SpringRegistry.doInitialise(SpringRegistry.java:108) ~[mule-module-spring-config-3.9.1.jar:3.9.1]
	at org.mule.registry.AbstractRegistry.initialise(AbstractRegistry.java:104) ~[mule-core-3.9.1.jar:3.9.1]
	at org.mule.config.spring.SpringXmlConfigurationBuilder.createSpringRegistry(SpringXmlConfigurationBuilder.java:177) ~[mule-module-spring-config-3.9.1.jar:3.9.1]
	at org.mule.config.spring.SpringXmlConfigurationBuilder.doConfigure(SpringXmlConfigurationBuilder.java:100) ~[mule-module-spring-config-3.9.1.jar:3.9.1]
	at org.mule.config.builders.AbstractConfigurationBuilder.configure(AbstractConfigurationBuilder.java:43) ~[mule-core-3.9.1.jar:3.9.1]
	at org.mule.config.builders.AbstractResourceConfigurationBuilder.configure(AbstractResourceConfigurationBuilder.java:69) ~[mule-core-3.9.1.jar:3.9.1]
	at org.mule.config.builders.AutoConfigurationBuilder.autoConfigure(AutoConfigurationBuilder.java:102) ~[mule-core-3.9.1.jar:3.9.1]
	at org.mule.config.builders.AutoConfigurationBuilder.doConfigure(AutoConfigurationBuilder.java:54) ~[mule-core-3.9.1.jar:3.9.1]
	at org.mule.config.builders.AbstractConfigurationBuilder.configure(AbstractConfigurationBuilder.java:43) ~[mule-core-3.9.1.jar:3.9.1]
	at org.mule.config.builders.AbstractResourceConfigurationBuilder.configure(AbstractResourceConfigurationBuilder.java:69) ~[mule-core-3.9.1.jar:3.9.1]
	at org.mule.context.DefaultMuleContextFactory$1.configure(DefaultMuleContextFactory.java:89) ~[mule-core-3.9.1.jar:3.9.1]
	at org.mule.context.DefaultMuleContextFactory.doCreateMuleContext(DefaultMuleContextFactory.java:222) ~[mule-core-3.9.1.jar:3.9.1]
	at org.mule.context.DefaultMuleContextFactory.createMuleContext(DefaultMuleContextFactory.java:81) ~[mule-core-3.9.1.jar:3.9.1]
	at org.mule.module.launcher.application.DefaultMuleApplication.init(DefaultMuleApplication.java:210) ~[mule-module-launcher-3.9.1.jar:3.9.1]
	at org.mule.module.launcher.artifact.ArtifactWrapper$2.execute(ArtifactWrapper.java:64) ~[mule-module-launcher-3.9.1.jar:3.9.1]
	at org.mule.module.launcher.artifact.ArtifactWrapper.executeWithinArtifactClassLoader(ArtifactWrapper.java:137) ~[mule-module-launcher-3.9.1.jar:3.9.1]
	at org.mule.module.launcher.artifact.ArtifactWrapper.init(ArtifactWrapper.java:59) ~[mule-module-launcher-3.9.1.jar:3.9.1]
	at org.mule.module.launcher.DefaultArtifactDeployer.deploy(DefaultArtifactDeployer.java:72) ~[mule-module-launcher-3.9.1.jar:3.9.1]
	at org.mule.module.launcher.DefaultArchiveDeployer.redeploy(DefaultArchiveDeployer.java:493) ~[mule-module-launcher-3.9.1.jar:3.9.1]
	at org.mule.module.launcher.DefaultArchiveDeployer.redeploy(DefaultArchiveDeployer.java:429) ~[mule-module-launcher-3.9.1.jar:3.9.1]
	at org.mule.module.launcher.DeploymentDirectoryWatcher.redeployModifiedArtifacts(DeploymentDirectoryWatcher.java:567) ~[mule-module-launcher-3.9.1.jar:3.9.1]
	at org.mule.module.launcher.DeploymentDirectoryWatcher.redeployModifiedApplications(DeploymentDirectoryWatcher.java:544) ~[mule-module-launcher-3.9.1.jar:3.9.1]
	at org.mule.module.launcher.DeploymentDirectoryWatcher.run(DeploymentDirectoryWatcher.java:356) ~[mule-module-launcher-3.9.1.jar:3.9.1]
	at java.util.concurrent.Executors$RunnableAdapter.call(Executors.java:511) ~[?:1.8.0_144]
	at java.util.concurrent.FutureTask.runAndReset(FutureTask.java:308) ~[?:1.8.0_144]
	at java.util.concurrent.ScheduledThreadPoolExecutor$ScheduledFutureTask.access$301(ScheduledThreadPoolExecutor.java:180) ~[?:1.8.0_144]
	at java.util.concurrent.ScheduledThreadPoolExecutor$ScheduledFutureTask.run(ScheduledThreadPoolExecutor.java:294) ~[?:1.8.0_144]
	at java.util.concurrent.ThreadPoolExecutor.runWorker(ThreadPoolExecutor.java:1149) [?:1.8.0_144]
	at java.util.concurrent.ThreadPoolExecutor$Worker.run(ThreadPoolExecutor.java:624) [?:1.8.0_144]
	at java.lang.Thread.run(Thread.java:748) [?:1.8.0_144]
2019-04-24 07:49:12,806 [Mule.app.deployer.monitor.1.thread.1] INFO  org.mule.module.launcher.application.DefaultMuleApplication - App 'mule-requester' never started, nothing to dispose of
2019-04-24 07:49:33,783 [Mule.app.deployer.monitor.1.thread.1] INFO  org.mule.module.launcher.application.DefaultMuleApplication - 
++++++++++++++++++++++++++++++++++++++++++++++++++++++++++++
+ Initializing app 'mule-requester'                        +
++++++++++++++++++++++++++++++++++++++++++++++++++++++++++++
2019-04-24 07:49:33,795 [Mule.app.deployer.monitor.1.thread.1] INFO  org.mule.lifecycle.AbstractLifecycleManager - Initialising RegistryBroker
2019-04-24 07:49:33,799 [Mule.app.deployer.monitor.1.thread.1] INFO  org.mule.module.extension.internal.manager.DefaultExtensionManager - Starting discovery of extensions
2019-04-24 07:49:33,811 [Mule.app.deployer.monitor.1.thread.1] INFO  org.mule.module.extension.internal.manager.DefaultExtensionManager - Discovered 1 extensions
2019-04-24 07:49:33,815 [Mule.app.deployer.monitor.1.thread.1] INFO  org.mule.module.extension.internal.manager.DefaultExtensionManager - Registering extension validation (version 3.9)
2019-04-24 07:49:33,815 [Mule.app.deployer.monitor.1.thread.1] INFO  org.mule.config.spring.MuleArtifactContext - Refreshing org.mule.config.spring.MuleArtifactContext@590f1949: startup date [Wed Apr 24 07:49:33 IST 2019]; root of context hierarchy
